<?xml version="1.0" encoding="UTF-8" ?>
<testsuite tests="11" failures="0" name="diadia.homework_2.RunCucumberTest" time="0.204" errors="0" skipped="0">
  <properties>
    <property name="jansi.mode" value="strip"/>
    <property name="java.runtime.name" value="OpenJDK Runtime Environment"/>
    <property name="java.vm.version" value="11.0.19+7-post-Ubuntu-0ubuntu118.04.1"/>
    <property name="sun.boot.library.path" value="/usr/lib/jvm/java-11-openjdk-amd64/lib"/>
    <property name="maven.multiModuleProjectDirectory" value="/home/alessandro/poo2022/hw_2_workspace/cucumber_hw_2"/>
    <property name="java.vm.vendor" value="Ubuntu"/>
    <property name="java.vendor.url" value="https://ubuntu.com/"/>
    <property name="guice.disable.misplaced.annotation.check" value="true"/>
    <property name="path.separator" value=":"/>
    <property name="java.vm.name" value="OpenJDK 64-Bit Server VM"/>
    <property name="sun.os.patch.level" value="unknown"/>
    <property name="sun.java.launcher" value="SUN_STANDARD"/>
    <property name="java.vm.specification.name" value="Java Virtual Machine Specification"/>
    <property name="user.dir" value="/home/alessandro/poo2022/hw_2_workspace/cucumber_hw_2"/>
    <property name="java.vm.compressedOopsMode" value="Zero based"/>
    <property name="java.runtime.version" value="11.0.19+7-post-Ubuntu-0ubuntu118.04.1"/>
    <property name="java.awt.graphicsenv" value="sun.awt.X11GraphicsEnvironment"/>
    <property name="os.arch" value="amd64"/>
    <property name="java.io.tmpdir" value="/tmp"/>
    <property name="line.separator" value="
"/>
    <property name="java.vm.specification.vendor" value="Oracle Corporation"/>
    <property name="os.name" value="Linux"/>
    <property name="classworlds.conf" value="/home/alessandro/poo2022/hw_2_workspace/.metadata/.plugins/org.eclipse.m2e.launching/launches/m2conf10864337958742859499.tmp"/>
    <property name="sun.jnu.encoding" value="UTF-8"/>
    <property name="java.library.path" value="/usr/java/packages/lib:/usr/lib/x86_64-linux-gnu/jni:/lib/x86_64-linux-gnu:/usr/lib/x86_64-linux-gnu:/usr/lib/jni:/lib:/usr/lib"/>
    <property name="jdk.debug" value="release"/>
    <property name="java.class.version" value="55.0"/>
    <property name="java.specification.name" value="Java Platform API Specification"/>
    <property name="sun.management.compiler" value="HotSpot 64-Bit Tiered Compilers"/>
    <property name="os.version" value="5.15.133.1-microsoft-standard-WSL2"/>
    <property name="user.home" value="/home/alessandro"/>
    <property name="user.timezone" value="Europe/Rome"/>
    <property name="java.awt.printerjob" value="sun.print.PSPrinterJob"/>
    <property name="file.encoding" value="UTF-8"/>
    <property name="java.specification.version" value="11"/>
    <property name="user.name" value="alessandro"/>
    <property name="java.class.path" value="/home/alessandro/eclipse/plugins/org.eclipse.m2e.maven.runtime_1.18.3.20220227-1319/jars/plexus-classworlds-2.6.0.jar"/>
    <property name="java.vm.specification.version" value="11"/>
    <property name="sun.arch.data.model" value="64"/>
    <property name="sun.java.command" value="org.codehaus.plexus.classworlds.launcher.Launcher -B test"/>
    <property name="java.home" value="/usr/lib/jvm/java-11-openjdk-amd64"/>
    <property name="user.language" value="en"/>
    <property name="java.specification.vendor" value="Oracle Corporation"/>
    <property name="awt.toolkit" value="sun.awt.X11.XToolkit"/>
    <property name="java.vm.info" value="mixed mode, sharing"/>
    <property name="java.version" value="11.0.19"/>
    <property name="java.vendor" value="Ubuntu"/>
    <property name="maven.home" value="/home/alessandro/poo2022/hw_2_workspace/cucumber_hw_2/EMBEDDED"/>
    <property name="file.separator" value="/"/>
    <property name="java.version.date" value="2023-04-18"/>
    <property name="java.vendor.url.bug" value="https://bugs.launchpad.net/ubuntu/+source/openjdk-lts"/>
    <property name="sun.io.unicode.encoding" value="UnicodeLittle"/>
    <property name="sun.cpu.endian" value="little"/>
    <property name="sun.cpu.isalist" value=""/>
  </properties>
  <testcase classname="Entro nella stanza buia e racoolgo la lanterna" name="Entro nella stanza buia e raccolgo la lanterna" time="0.138"/>
  <testcase classname="Entro nella stanza magica e gioco con osso fino a non poterlo raccogliere" name="Entro nella stanza magica e gioco con osso" time="0.016"/>
  <testcase classname="Lancio di DiaDia" name="Leggo il messaggio di uscita" time="0.007"/>
  <testcase classname="Lancio di DiaDia" name="Vado subito a nord e vinco" time="0.007"/>
  <testcase classname="Lancio di DiaDia" name="Chiudo subito il gioco" time="0.002"/>
  <testcase classname="Lancio di DiaDia" name="Giro nel labirinto e perdo" time="0.006"/>
  <testcase classname="Lancio di DiaDia" name="Prova generale comandi #1" time="0.007"/>
  <testcase classname="Lancio di DiaDia" name="Prova generale comandi #2" time="0.005"/>
  <testcase classname="Lancio di DiaDia" name="Prova generale comandi #3" time="0.005"/>
  <testcase classname="Lancio di DiaDia" name="Prova generale comandi #4" time="0.007"/>
  <testcase classname="Lancio di DiaDia" name="Prova generale comandi #5" time="0.004"/>
</testsuite>